mode: set
person-service/key_value/key_value.go:24.63,28.2 1 0
person-service/key_value/key_value.go:31.58,34.37 2 0
person-service/key_value/key_value.go:34.37,38.3 1 0
person-service/key_value/key_value.go:41.2,41.38 1 0
person-service/key_value/key_value.go:41.38,45.3 1 0
person-service/key_value/key_value.go:48.2,54.16 3 0
person-service/key_value/key_value.go:54.16,58.3 1 0
person-service/key_value/key_value.go:61.2,62.16 2 0
person-service/key_value/key_value.go:62.16,66.3 1 0
person-service/key_value/key_value.go:69.2,75.28 2 0
person-service/key_value/key_value.go:75.28,77.3 1 0
person-service/key_value/key_value.go:78.2,78.28 1 0
person-service/key_value/key_value.go:78.28,80.3 1 0
person-service/key_value/key_value.go:82.2,82.40 1 0
person-service/key_value/key_value.go:86.58,88.15 2 0
person-service/key_value/key_value.go:88.15,92.3 1 0
person-service/key_value/key_value.go:95.2,98.16 3 0
person-service/key_value/key_value.go:98.16,99.27 1 0
person-service/key_value/key_value.go:99.27,103.4 1 0
person-service/key_value/key_value.go:104.3,106.5 1 0
person-service/key_value/key_value.go:110.2,116.28 2 0
person-service/key_value/key_value.go:116.28,118.3 1 0
person-service/key_value/key_value.go:119.2,119.28 1 0
person-service/key_value/key_value.go:119.28,121.3 1 0
person-service/key_value/key_value.go:123.2,123.40 1 0
person-service/key_value/key_value.go:127.61,129.15 2 0
person-service/key_value/key_value.go:129.15,133.3 1 0
person-service/key_value/key_value.go:136.2,139.16 3 0
person-service/key_value/key_value.go:139.16,143.3 1 0
person-service/key_value/key_value.go:146.2,148.4 1 0
