mode: set
person-service/person_attributes/person_attributes.go:45.79,47.25 2 0
person-service/person_attributes/person_attributes.go:47.25,49.3 1 0
person-service/person_attributes/person_attributes.go:51.2,55.3 1 0
person-service/person_attributes/person_attributes.go:59.73,64.16 4 0
person-service/person_attributes/person_attributes.go:64.16,69.3 1 0
person-service/person_attributes/person_attributes.go:72.2,73.37 2 0
person-service/person_attributes/person_attributes.go:73.37,77.3 1 0
person-service/person_attributes/person_attributes.go:80.2,80.19 1 0
person-service/person_attributes/person_attributes.go:80.19,84.3 1 0
person-service/person_attributes/person_attributes.go:87.2,87.21 1 0
person-service/person_attributes/person_attributes.go:87.21,91.3 1 0
person-service/person_attributes/person_attributes.go:93.2,97.16 3 0
person-service/person_attributes/person_attributes.go:97.16,98.27 1 0
person-service/person_attributes/person_attributes.go:98.27,102.4 1 0
person-service/person_attributes/person_attributes.go:103.3,105.5 1 0
person-service/person_attributes/person_attributes.go:109.2,117.16 2 0
person-service/person_attributes/person_attributes.go:117.16,122.3 2 0
person-service/person_attributes/person_attributes.go:125.2,125.47 1 0
person-service/person_attributes/person_attributes.go:125.47,140.20 4 0
person-service/person_attributes/person_attributes.go:140.20,143.4 1 0
person-service/person_attributes/person_attributes.go:147.2,153.16 2 0
person-service/person_attributes/person_attributes.go:153.16,157.3 1 0
person-service/person_attributes/person_attributes.go:160.2,166.31 2 0
person-service/person_attributes/person_attributes.go:166.31,168.3 1 0
person-service/person_attributes/person_attributes.go:169.2,169.31 1 0
person-service/person_attributes/person_attributes.go:169.31,171.3 1 0
person-service/person_attributes/person_attributes.go:175.2,175.45 1 0
person-service/person_attributes/person_attributes.go:179.74,184.16 4 0
person-service/person_attributes/person_attributes.go:184.16,189.3 1 0
person-service/person_attributes/person_attributes.go:191.2,195.16 3 0
person-service/person_attributes/person_attributes.go:195.16,196.27 1 0
person-service/person_attributes/person_attributes.go:196.27,200.4 1 0
person-service/person_attributes/person_attributes.go:201.3,203.5 1 0
person-service/person_attributes/person_attributes.go:207.2,212.16 2 0
person-service/person_attributes/person_attributes.go:212.16,216.3 1 0
person-service/person_attributes/person_attributes.go:219.2,220.34 2 0
person-service/person_attributes/person_attributes.go:220.34,226.27 2 0
person-service/person_attributes/person_attributes.go:226.27,228.4 1 0
person-service/person_attributes/person_attributes.go:229.3,229.27 1 0
person-service/person_attributes/person_attributes.go:229.27,231.4 1 0
person-service/person_attributes/person_attributes.go:232.3,232.36 1 0
person-service/person_attributes/person_attributes.go:235.2,235.40 1 0
person-service/person_attributes/person_attributes.go:239.70,244.16 4 0
person-service/person_attributes/person_attributes.go:244.16,248.3 1 0
person-service/person_attributes/person_attributes.go:251.2,253.16 3 0
person-service/person_attributes/person_attributes.go:253.16,257.3 1 0
person-service/person_attributes/person_attributes.go:259.2,263.16 3 0
person-service/person_attributes/person_attributes.go:263.16,264.27 1 0
person-service/person_attributes/person_attributes.go:264.27,268.4 1 0
person-service/person_attributes/person_attributes.go:269.3,271.5 1 0
person-service/person_attributes/person_attributes.go:275.2,280.16 2 0
person-service/person_attributes/person_attributes.go:280.16,284.3 1 0
person-service/person_attributes/person_attributes.go:287.2,288.34 2 0
person-service/person_attributes/person_attributes.go:288.34,289.36 1 0
person-service/person_attributes/person_attributes.go:289.36,291.9 2 0
person-service/person_attributes/person_attributes.go:295.2,295.22 1 0
person-service/person_attributes/person_attributes.go:295.22,299.3 1 0
person-service/person_attributes/person_attributes.go:302.2,307.31 2 0
person-service/person_attributes/person_attributes.go:307.31,309.3 1 0
person-service/person_attributes/person_attributes.go:310.2,310.31 1 0
person-service/person_attributes/person_attributes.go:310.31,312.3 1 0
person-service/person_attributes/person_attributes.go:314.2,314.40 1 0
person-service/person_attributes/person_attributes.go:318.73,323.16 4 0
person-service/person_attributes/person_attributes.go:323.16,327.3 1 0
person-service/person_attributes/person_attributes.go:330.2,332.16 3 0
person-service/person_attributes/person_attributes.go:332.16,336.3 1 0
person-service/person_attributes/person_attributes.go:339.2,340.37 2 0
person-service/person_attributes/person_attributes.go:340.37,344.3 1 0
person-service/person_attributes/person_attributes.go:346.2,350.16 3 0
person-service/person_attributes/person_attributes.go:350.16,351.27 1 0
person-service/person_attributes/person_attributes.go:351.27,355.4 1 0
person-service/person_attributes/person_attributes.go:356.3,358.5 1 0
person-service/person_attributes/person_attributes.go:362.2,367.16 2 0
person-service/person_attributes/person_attributes.go:367.16,371.3 1 0
person-service/person_attributes/person_attributes.go:374.2,376.34 3 0
person-service/person_attributes/person_attributes.go:376.34,377.36 1 0
person-service/person_attributes/person_attributes.go:377.36,380.9 3 0
person-service/person_attributes/person_attributes.go:384.2,384.12 1 0
person-service/person_attributes/person_attributes.go:384.12,388.3 1 0
person-service/person_attributes/person_attributes.go:391.2,392.19 2 0
person-service/person_attributes/person_attributes.go:392.19,394.3 1 0
person-service/person_attributes/person_attributes.go:397.2,397.45 1 0
person-service/person_attributes/person_attributes.go:397.45,402.17 2 0
person-service/person_attributes/person_attributes.go:402.17,406.4 1 0
person-service/person_attributes/person_attributes.go:410.2,418.16 2 0
person-service/person_attributes/person_attributes.go:418.16,422.3 1 0
person-service/person_attributes/person_attributes.go:425.2,431.16 2 0
person-service/person_attributes/person_attributes.go:431.16,435.3 1 0
person-service/person_attributes/person_attributes.go:438.2,443.31 2 0
person-service/person_attributes/person_attributes.go:443.31,445.3 1 0
person-service/person_attributes/person_attributes.go:446.2,446.31 1 0
person-service/person_attributes/person_attributes.go:446.31,448.3 1 0
person-service/person_attributes/person_attributes.go:450.2,450.40 1 0
person-service/person_attributes/person_attributes.go:454.73,459.16 4 0
person-service/person_attributes/person_attributes.go:459.16,463.3 1 0
person-service/person_attributes/person_attributes.go:466.2,468.16 3 0
person-service/person_attributes/person_attributes.go:468.16,472.3 1 0
person-service/person_attributes/person_attributes.go:474.2,478.16 3 0
person-service/person_attributes/person_attributes.go:478.16,479.27 1 0
person-service/person_attributes/person_attributes.go:479.27,483.4 1 0
person-service/person_attributes/person_attributes.go:484.3,486.5 1 0
person-service/person_attributes/person_attributes.go:490.2,495.16 2 0
person-service/person_attributes/person_attributes.go:495.16,499.3 1 0
person-service/person_attributes/person_attributes.go:502.2,504.34 3 0
person-service/person_attributes/person_attributes.go:504.34,505.36 1 0
person-service/person_attributes/person_attributes.go:505.36,508.9 3 0
person-service/person_attributes/person_attributes.go:512.2,512.12 1 0
person-service/person_attributes/person_attributes.go:512.12,516.3 1 0
person-service/person_attributes/person_attributes.go:519.2,524.16 2 0
person-service/person_attributes/person_attributes.go:524.16,528.3 1 0
person-service/person_attributes/person_attributes.go:530.2,532.4 1 0
